<?xml version="1.0" encoding="UTF-8"?>
<!-- Generated by org.testng.reporters.JUnitReportReporter -->
<testsuite skipped="0" hostname="DESKTOP-ROE2QC1" name="com.wwatchers.automation.weightwatchers" tests="2" failures="0" timestamp="06 Apr 2018 01:42:22 GMT" time="14.827" errors="0">
  <testcase name="WeightLossProgram" time="0.103" classname="com.wwatchers.automation.weightwatchers"/>
  <testcase name="FindaMeeting" time="14.724" classname="com.wwatchers.automation.weightwatchers"/>
</testsuite> <!-- com.wwatchers.automation.weightwatchers -->
